C251 COMPILER V5.60.0,  led                                                                21/07/23  21:41:30  PAGE 1   


C251 COMPILER V5.60.0, COMPILATION OF MODULE led
OBJECT MODULE PLACED IN .\Objects\led.obj
COMPILER INVOKED BY: D:\keil\C251\BIN\C251.EXE led.c INTR2 BROWSE DEBUG PRINT(.\Listings\led.lst) TABS(2) OBJECT(.\Objec
                    -ts\led.obj) 

stmt  level    source

    1          #include "main.h"
    2          #include "STC32G.h"
    3          
    4          void LED_ON()
    5          {
    6   1          P30 = P31 = 0;
    7   1      }
    8          
    9          void LED_OFF()
   10          {
   11   1          P30 = P31 = 1;
   12   1      }
   13          


Module Information          Static   Overlayable
------------------------------------------------
  code size            =        10     ------
  ecode size           =    ------     ------
  data size            =    ------     ------
  idata size           =    ------     ------
  pdata size           =    ------     ------
  xdata size           =    ------     ------
  xdata-const size     =    ------     ------
  edata size           =    ------     ------
  bit size             =    ------     ------
  ebit size            =    ------     ------
  bitaddressable size  =    ------     ------
  ebitaddressable size =    ------     ------
  far data size        =    ------     ------
  huge data size       =    ------     ------
  const size           =    ------     ------
  hconst size          =    ------     ------
End of Module Information.


C251 COMPILATION COMPLETE.  0 WARNING(S),  0 ERROR(S)
