C51 COMPILER V9.59.0.0   MAIN                                                              08/06/2023 08:29:41 PAGE 1   


C51 COMPILER V9.59.0.0, COMPILATION OF MODULE MAIN
OBJECT MODULE PLACED IN .\Objects\main.obj
COMPILER INVOKED BY: D:\keil\C51\BIN\C51.EXE user\main.c OPTIMIZE(8,SPEED) BROWSE INCDIR(.\user;.\STD_Driver) DEBUG OBJE
                    -CTEXTEND PRINT(.\Listings\main.lst) TABS(2) OBJECT(.\Objects\main.obj)

line level    source

   1          #include "config.h"
   2          #include "STC8G_H_GPIO.h"
   3          #include "STC8G_H_UART.h"
   4          #include "STC8G_H_Delay.h"
   5          #include "STC8G_H_NVIC.h"
   6          #include "STC8G_H_Switch.h"
   7          #include "Type_def.h"
   8          
   9          void  SYS_Init(void);
  10          void  GPIO_config(void);
  11          void  UART_config(void);
  12          
  13          /******************* IO配置函数 *******************/
  14          void  GPIO_config(void)
  15          {
  16   1        GPIO_InitTypeDef  GPIO_InitStructure;   //结构定义
  17   1      
  18   1        GPIO_InitStructure.Pin  = GPIO_Pin_0 | GPIO_Pin_1;    //指定要初始化的IO, GPIO_Pin_0 ~ GPIO_Pin_7
  19   1        GPIO_InitStructure.Mode = GPIO_PullUp;  //指定IO的输入或输出方式,GPIO_PullUp,GPIO_HighZ,GPIO_OUT_OD,GPIO_O
             -UT_PP
  20   1        GPIO_Inilize(GPIO_P3,&GPIO_InitStructure);  //初始化
  21   1      }
  22          
  23          /***************  串口初始化函数 *****************/
  24          void  UART_config(void)
  25          {
  26   1        COMx_InitDefine   COMx_InitStructure;         //结构定义
  27   1      
  28   1        COMx_InitStructure.UART_Mode      = UART_8bit_BRTx; //模式, UART_ShiftRight,UART_8bit_BRTx,UART_9bit,UART
             -_9bit_BRTx
  29   1        COMx_InitStructure.UART_BRT_Use   = BRT_Timer1;     //选择波特率发生器, BRT_Timer1, BRT_Timer2 (注意: 串口2
             -固定使用BRT_Timer2)
  30   1        COMx_InitStructure.UART_BaudRate  = 115200ul;     //波特率, 一般 110 ~ 115200
  31   1        COMx_InitStructure.UART_RxEnable  = ENABLE;       //接收允许,   ENABLE或DISABLE
  32   1        COMx_InitStructure.BaudRateDouble = DISABLE;      //波特率加倍, ENABLE或DISABLE
  33   1        UART_Configuration(UART1, &COMx_InitStructure);   //初始化串口1 UART1,UART2,UART3,UART4
  34   1        NVIC_UART1_Init(ENABLE,Priority_1);   //中断使能, ENABLE/DISABLE; 优先级(低到高) Priority_0,Priority_1,Pri
             -ority_2,Priority_3
  35   1      
  36   1        UART1_SW(UART1_SW_P30_P31);   //UART1_SW_P30_P31,UART1_SW_P36_P37,UART1_SW_P16_P17,UART1_SW_P43_P44
  37   1      }
  38          
  39          void main(void)
  40          {
  41   1        SYS_Init();
  42   1      
  43   1        while(TRUE)
  44   1        {
  45   2          TX1_write2buff('a');
  46   2          delay_ms(250);
  47   2        }
  48   1        
  49   1        while(1);//程序不会执行到这里
  50   1      }
C51 COMPILER V9.59.0.0   MAIN                                                              08/06/2023 08:29:41 PAGE 2   

  51          
  52          void SYS_Init(void)
  53          {
  54   1        EAXSFR();   /* 扩展寄存器访问使能 */
  55   1        GPIO_config();
  56   1        UART_config();
  57   1        EA = 1;
  58   1      }


MODULE INFORMATION:   STATIC OVERLAYABLE
   CODE SIZE        =     88    ----
   CONSTANT SIZE    =   ----    ----
   XDATA SIZE       =   ----    ----
   PDATA SIZE       =   ----    ----
   DATA SIZE        =   ----      11
   IDATA SIZE       =   ----    ----
   BIT SIZE         =   ----    ----
END OF MODULE INFORMATION.


C51 COMPILATION COMPLETE.  0 WARNING(S),  0 ERROR(S)
