C251 COMPILER V5.60.0,  led                                                                27/07/23  10:53:49  PAGE 1   


C251 COMPILER V5.60.0, COMPILATION OF MODULE led
OBJECT MODULE PLACED IN .\led.obj
COMPILER INVOKED BY: D:\keil\C251\BIN\C251.EXE ..\src\led.c XSMALL INTR2 BROWSE INCDIR(..\inc) DEBUG PRINT(.\led.lst) TA
                    -BS(2) OBJECT(.\led.obj) 

stmt  level    source

    1          #include "main.h"
    2          
    3          void LED_ON()
    4          {
    5   1          P52 = 0;
    6   1      }
    7          
    8          void LED_OFF()
    9          {
   10   1          P52 = 1;
   11   1      }


Module Information          Static   Overlayable
------------------------------------------------
  code size            =         6     ------
  ecode size           =    ------     ------
  data size            =    ------     ------
  idata size           =    ------     ------
  pdata size           =    ------     ------
  xdata size           =    ------     ------
  xdata-const size     =    ------     ------
  edata size           =    ------     ------
  bit size             =    ------     ------
  ebit size            =    ------     ------
  bitaddressable size  =    ------     ------
  ebitaddressable size =    ------     ------
  far data size        =    ------     ------
  huge data size       =    ------     ------
  const size           =    ------     ------
  hconst size          =    ------     ------
End of Module Information.


C251 COMPILATION COMPLETE.  0 WARNING(S),  0 ERROR(S)
