C251 COMPILER V5.60.0,  main                                                               24/07/23  21:00:24  PAGE 1   


C251 COMPILER V5.60.0, COMPILATION OF MODULE main
OBJECT MODULE PLACED IN .\main.obj
COMPILER INVOKED BY: D:\keil\C251\BIN\C251.EXE ..\src\main.c XSMALL INTR2 BROWSE INCDIR(..\inc) DEBUG PRINT(.\main.lst) 
                    -TABS(2) OBJECT(.\main.obj) 

stmt  level    source

    1          #include "main.h"
    2          
    3          
    4          
    5          /******************** 主函数 **************************/
    6          void main(void)
    7          {
    8   1          SYS_Init();
    9   1          while (1)
   10   1          {
   11   2              printf("abcde\r\n");
   12   2          }
   13   1      }
   14          
   15          
   16          //========================================================================
   17          void SYS_Init()
   18          {
   19   1          WTST = 0;  //设置程序指令延时参数，赋值为0可将CPU执行指令的速度设置为最快
   20   1          EAXFR = 1; //扩展寄存器(XFR)访问使能
   21   1          CKCON = 0; //提高访问XRAM速度
   22   1      
   23   1          P0M1 = 0x30;   P0M0 = 0x30;   //设置P0.4、P0.5为漏极开路(实验箱加了上拉电阻到3.3V)
   24   1          P1M1 = 0x30;   P1M0 = 0x30;   //设置P1.4、P1.5为漏极开路(实验箱加了上拉电阻到3.3V)
   25   1          P2M1 = 0x3c;   P2M0 = 0x3c;   //设置P2.2~P2.5为漏极开路(实验箱加了上拉电阻到3.3V)
   26   1          P3M1 = 0x50;   P3M0 = 0x50;   //设置P3.4、P3.6为漏极开路(实验箱加了上拉电阻到3.3V)
   27   1          P4M1 = 0x3c;   P4M0 = 0x3c;   //设置P4.2~P4.5为漏极开路(实验箱加了上拉电阻到3.3V)
   28   1          P5M1 = 0x0c;   P5M0 = 0x0c;   //设置P5.2、P5.3为漏极开路(实验箱加了上拉电阻到3.3V)
   29   1          P6M1 = 0xff;   P6M0 = 0xff;   //设置为漏极开路(实验箱加了上拉电阻到3.3V)
   30   1          P7M1 = 0x00;   P7M0 = 0x00;   //设置为准双向口
   31   1      
   32   1          UART1_config();    // 选择波特率, 2: 使用Timer2做波特率, 其它值: 使用Timer1做波特率.
   33   1      
   34   1          EA = 1;             //允许全局中断
   35   1      }
   36          
   37          


Module Information          Static   Overlayable
------------------------------------------------
  code size            =        79     ------
  ecode size           =    ------     ------
  data size            =    ------     ------
  idata size           =    ------     ------
  pdata size           =    ------     ------
  xdata size           =    ------     ------
  xdata-const size     =    ------     ------
  edata size           =    ------     ------
  bit size             =    ------     ------
  ebit size            =    ------     ------
  bitaddressable size  =    ------     ------
  ebitaddressable size =    ------     ------
  far data size        =    ------     ------
  huge data size       =    ------     ------
  const size           =    ------     ------
  hconst size          =         8     ------
End of Module Information.


C251 COMPILATION COMPLETE.  0 WARNING(S),  0 ERROR(S)
